2024-01-01 19:23:18,604 [INFO] HTTP Request: POST https://api.telegram.org/bot6778017668:AAEO_z45JQkygK1T8_J8e98GeBTSnOqFaAI/getMe "HTTP/1.1 200 OK"
2024-01-01 19:23:18,711 [INFO] HTTP Request: POST https://api.telegram.org/bot6778017668:AAEO_z45JQkygK1T8_J8e98GeBTSnOqFaAI/deleteWebhook "HTTP/1.1 200 OK"
2024-01-01 19:23:18,712 [INFO] Application started
2024-01-01 19:23:29,053 [INFO] HTTP Request: POST https://api.telegram.org/bot6778017668:AAEO_z45JQkygK1T8_J8e98GeBTSnOqFaAI/getUpdates "HTTP/1.1 200 OK"
2024-01-01 19:23:39,173 [INFO] HTTP Request: POST https://api.telegram.org/bot6778017668:AAEO_z45JQkygK1T8_J8e98GeBTSnOqFaAI/getUpdates "HTTP/1.1 200 OK"
2024-01-01 19:23:49,179 [INFO] HTTP Request: POST https://api.telegram.org/bot6778017668:AAEO_z45JQkygK1T8_J8e98GeBTSnOqFaAI/getUpdates "HTTP/1.1 200 OK"
2024-01-01 19:23:49,533 [INFO] HTTP Request: POST https://api.telegram.org/bot6778017668:AAEO_z45JQkygK1T8_J8e98GeBTSnOqFaAI/sendMessage "HTTP/1.1 200 OK"
2024-01-01 19:24:01,545 [INFO] [{'base64': None, 'url': 'http://127.0.0.1:8888/files/2024-01-01/c051a8a1-b3c3-442b-9178-a1355a349ad2.png', 'seed': '2240321793738087229', 'finish_reason': 'SUCCESS'}]
2024-01-01 19:24:01,590 [INFO] Image successfully downloaded to /Users/dasm/develop/python/telegrambot/tmp/c051a8a1-b3c3-442b-9178-a1355a349ad2.png
2024-01-01 19:24:01,595 [INFO] HTTP Request: POST https://api.telegram.org/bot6778017668:AAEO_z45JQkygK1T8_J8e98GeBTSnOqFaAI/getUpdates "HTTP/1.1 200 OK"
2024-01-01 19:24:02,882 [INFO] HTTP Request: POST https://api.telegram.org/bot6778017668:AAEO_z45JQkygK1T8_J8e98GeBTSnOqFaAI/sendPhoto "HTTP/1.1 200 OK"
2024-01-01 19:24:11,713 [INFO] HTTP Request: POST https://api.telegram.org/bot6778017668:AAEO_z45JQkygK1T8_J8e98GeBTSnOqFaAI/getUpdates "HTTP/1.1 200 OK"
2024-01-01 19:24:21,826 [INFO] HTTP Request: POST https://api.telegram.org/bot6778017668:AAEO_z45JQkygK1T8_J8e98GeBTSnOqFaAI/getUpdates "HTTP/1.1 200 OK"
2024-01-01 19:24:31,940 [INFO] HTTP Request: POST https://api.telegram.org/bot6778017668:AAEO_z45JQkygK1T8_J8e98GeBTSnOqFaAI/getUpdates "HTTP/1.1 200 OK"
2024-01-01 19:24:42,053 [INFO] HTTP Request: POST https://api.telegram.org/bot6778017668:AAEO_z45JQkygK1T8_J8e98GeBTSnOqFaAI/getUpdates "HTTP/1.1 200 OK"
2024-01-01 19:24:52,178 [INFO] HTTP Request: POST https://api.telegram.org/bot6778017668:AAEO_z45JQkygK1T8_J8e98GeBTSnOqFaAI/getUpdates "HTTP/1.1 200 OK"
2024-01-01 19:25:02,295 [INFO] HTTP Request: POST https://api.telegram.org/bot6778017668:AAEO_z45JQkygK1T8_J8e98GeBTSnOqFaAI/getUpdates "HTTP/1.1 200 OK"
2024-01-01 19:25:12,410 [INFO] HTTP Request: POST https://api.telegram.org/bot6778017668:AAEO_z45JQkygK1T8_J8e98GeBTSnOqFaAI/getUpdates "HTTP/1.1 200 OK"
2024-01-01 19:25:22,532 [INFO] HTTP Request: POST https://api.telegram.org/bot6778017668:AAEO_z45JQkygK1T8_J8e98GeBTSnOqFaAI/getUpdates "HTTP/1.1 200 OK"
2024-01-01 19:25:32,648 [INFO] HTTP Request: POST https://api.telegram.org/bot6778017668:AAEO_z45JQkygK1T8_J8e98GeBTSnOqFaAI/getUpdates "HTTP/1.1 200 OK"
2024-01-01 19:25:42,765 [INFO] HTTP Request: POST https://api.telegram.org/bot6778017668:AAEO_z45JQkygK1T8_J8e98GeBTSnOqFaAI/getUpdates "HTTP/1.1 200 OK"
2024-01-01 19:25:52,886 [INFO] HTTP Request: POST https://api.telegram.org/bot6778017668:AAEO_z45JQkygK1T8_J8e98GeBTSnOqFaAI/getUpdates "HTTP/1.1 200 OK"
2024-01-01 19:26:03,007 [INFO] HTTP Request: POST https://api.telegram.org/bot6778017668:AAEO_z45JQkygK1T8_J8e98GeBTSnOqFaAI/getUpdates "HTTP/1.1 200 OK"
2024-01-01 19:26:13,128 [INFO] HTTP Request: POST https://api.telegram.org/bot6778017668:AAEO_z45JQkygK1T8_J8e98GeBTSnOqFaAI/getUpdates "HTTP/1.1 200 OK"
2024-01-01 19:26:23,262 [INFO] HTTP Request: POST https://api.telegram.org/bot6778017668:AAEO_z45JQkygK1T8_J8e98GeBTSnOqFaAI/getUpdates "HTTP/1.1 200 OK"
2024-01-01 19:26:33,380 [INFO] HTTP Request: POST https://api.telegram.org/bot6778017668:AAEO_z45JQkygK1T8_J8e98GeBTSnOqFaAI/getUpdates "HTTP/1.1 200 OK"
2024-01-01 19:26:43,505 [INFO] HTTP Request: POST https://api.telegram.org/bot6778017668:AAEO_z45JQkygK1T8_J8e98GeBTSnOqFaAI/getUpdates "HTTP/1.1 200 OK"
2024-01-01 19:26:53,621 [INFO] HTTP Request: POST https://api.telegram.org/bot6778017668:AAEO_z45JQkygK1T8_J8e98GeBTSnOqFaAI/getUpdates "HTTP/1.1 200 OK"
2024-01-01 19:27:03,743 [INFO] HTTP Request: POST https://api.telegram.org/bot6778017668:AAEO_z45JQkygK1T8_J8e98GeBTSnOqFaAI/getUpdates "HTTP/1.1 200 OK"
2024-01-01 19:27:13,860 [INFO] HTTP Request: POST https://api.telegram.org/bot6778017668:AAEO_z45JQkygK1T8_J8e98GeBTSnOqFaAI/getUpdates "HTTP/1.1 200 OK"
2024-01-01 19:27:23,977 [INFO] HTTP Request: POST https://api.telegram.org/bot6778017668:AAEO_z45JQkygK1T8_J8e98GeBTSnOqFaAI/getUpdates "HTTP/1.1 200 OK"
2024-01-01 19:27:34,103 [INFO] HTTP Request: POST https://api.telegram.org/bot6778017668:AAEO_z45JQkygK1T8_J8e98GeBTSnOqFaAI/getUpdates "HTTP/1.1 200 OK"
2024-01-01 19:27:44,223 [INFO] HTTP Request: POST https://api.telegram.org/bot6778017668:AAEO_z45JQkygK1T8_J8e98GeBTSnOqFaAI/getUpdates "HTTP/1.1 200 OK"
2024-01-01 19:27:54,344 [INFO] HTTP Request: POST https://api.telegram.org/bot6778017668:AAEO_z45JQkygK1T8_J8e98GeBTSnOqFaAI/getUpdates "HTTP/1.1 200 OK"
2024-01-01 19:28:04,473 [INFO] HTTP Request: POST https://api.telegram.org/bot6778017668:AAEO_z45JQkygK1T8_J8e98GeBTSnOqFaAI/getUpdates "HTTP/1.1 200 OK"
2024-01-01 19:28:14,592 [INFO] HTTP Request: POST https://api.telegram.org/bot6778017668:AAEO_z45JQkygK1T8_J8e98GeBTSnOqFaAI/getUpdates "HTTP/1.1 200 OK"
2024-01-01 19:28:24,772 [INFO] HTTP Request: POST https://api.telegram.org/bot6778017668:AAEO_z45JQkygK1T8_J8e98GeBTSnOqFaAI/getUpdates "HTTP/1.1 200 OK"
2024-01-01 19:28:34,891 [INFO] HTTP Request: POST https://api.telegram.org/bot6778017668:AAEO_z45JQkygK1T8_J8e98GeBTSnOqFaAI/getUpdates "HTTP/1.1 200 OK"
2024-01-01 19:28:45,016 [INFO] HTTP Request: POST https://api.telegram.org/bot6778017668:AAEO_z45JQkygK1T8_J8e98GeBTSnOqFaAI/getUpdates "HTTP/1.1 200 OK"
2024-01-01 19:28:55,132 [INFO] HTTP Request: POST https://api.telegram.org/bot6778017668:AAEO_z45JQkygK1T8_J8e98GeBTSnOqFaAI/getUpdates "HTTP/1.1 200 OK"
2024-01-01 19:29:05,248 [INFO] HTTP Request: POST https://api.telegram.org/bot6778017668:AAEO_z45JQkygK1T8_J8e98GeBTSnOqFaAI/getUpdates "HTTP/1.1 200 OK"
2024-01-01 19:29:15,394 [INFO] HTTP Request: POST https://api.telegram.org/bot6778017668:AAEO_z45JQkygK1T8_J8e98GeBTSnOqFaAI/getUpdates "HTTP/1.1 200 OK"
2024-01-01 19:29:25,523 [INFO] HTTP Request: POST https://api.telegram.org/bot6778017668:AAEO_z45JQkygK1T8_J8e98GeBTSnOqFaAI/getUpdates "HTTP/1.1 200 OK"
2024-01-01 19:29:35,649 [INFO] HTTP Request: POST https://api.telegram.org/bot6778017668:AAEO_z45JQkygK1T8_J8e98GeBTSnOqFaAI/getUpdates "HTTP/1.1 200 OK"
2024-01-01 19:29:45,769 [INFO] HTTP Request: POST https://api.telegram.org/bot6778017668:AAEO_z45JQkygK1T8_J8e98GeBTSnOqFaAI/getUpdates "HTTP/1.1 200 OK"
2024-01-01 19:29:55,891 [INFO] HTTP Request: POST https://api.telegram.org/bot6778017668:AAEO_z45JQkygK1T8_J8e98GeBTSnOqFaAI/getUpdates "HTTP/1.1 200 OK"
2024-01-01 19:30:06,013 [INFO] HTTP Request: POST https://api.telegram.org/bot6778017668:AAEO_z45JQkygK1T8_J8e98GeBTSnOqFaAI/getUpdates "HTTP/1.1 200 OK"
2024-01-01 19:30:16,136 [INFO] HTTP Request: POST https://api.telegram.org/bot6778017668:AAEO_z45JQkygK1T8_J8e98GeBTSnOqFaAI/getUpdates "HTTP/1.1 200 OK"
2024-01-01 19:30:26,254 [INFO] HTTP Request: POST https://api.telegram.org/bot6778017668:AAEO_z45JQkygK1T8_J8e98GeBTSnOqFaAI/getUpdates "HTTP/1.1 200 OK"
2024-01-01 19:30:36,372 [INFO] HTTP Request: POST https://api.telegram.org/bot6778017668:AAEO_z45JQkygK1T8_J8e98GeBTSnOqFaAI/getUpdates "HTTP/1.1 200 OK"
2024-01-01 19:30:46,491 [INFO] HTTP Request: POST https://api.telegram.org/bot6778017668:AAEO_z45JQkygK1T8_J8e98GeBTSnOqFaAI/getUpdates "HTTP/1.1 200 OK"
2024-01-01 19:30:56,607 [INFO] HTTP Request: POST https://api.telegram.org/bot6778017668:AAEO_z45JQkygK1T8_J8e98GeBTSnOqFaAI/getUpdates "HTTP/1.1 200 OK"
2024-01-01 19:31:06,723 [INFO] HTTP Request: POST https://api.telegram.org/bot6778017668:AAEO_z45JQkygK1T8_J8e98GeBTSnOqFaAI/getUpdates "HTTP/1.1 200 OK"
2024-01-01 19:31:16,853 [INFO] HTTP Request: POST https://api.telegram.org/bot6778017668:AAEO_z45JQkygK1T8_J8e98GeBTSnOqFaAI/getUpdates "HTTP/1.1 200 OK"
2024-01-01 19:31:26,973 [INFO] HTTP Request: POST https://api.telegram.org/bot6778017668:AAEO_z45JQkygK1T8_J8e98GeBTSnOqFaAI/getUpdates "HTTP/1.1 200 OK"
2024-01-01 19:31:37,088 [INFO] HTTP Request: POST https://api.telegram.org/bot6778017668:AAEO_z45JQkygK1T8_J8e98GeBTSnOqFaAI/getUpdates "HTTP/1.1 200 OK"
